<?xml version="1.0" encoding="UTF-8"?>
<testng-results skipped="0" failed="1" ignored="8" total="14" passed="5">
  <reporter-output>
  </reporter-output>
  <suite name="Suite" duration-ms="36984" started-at="2020-12-19T17:33:00Z" finished-at="2020-12-19T17:33:37Z">
    <groups>
    </groups>
    <test name="Tests" duration-ms="36984" started-at="2020-12-19T17:33:00Z" finished-at="2020-12-19T17:33:37Z">
      <class name="testcases.ContactUsTest">
        <test-method status="PASS" signature="contactUs()[pri:0, instance:testcases.ContactUsTest@6b927fb]" name="contactUs" duration-ms="9173" started-at="2020-12-19T17:33:27Z" finished-at="2020-12-19T17:33:36Z">
          <reporter-output>
          </reporter-output>
        </test-method> <!-- contactUs -->
      </class> <!-- testcases.ContactUsTest -->
      <class name="testcases.WriteProductReviewTest">
        <test-method status="PASS" signature="addProductReview()[pri:0, instance:testcases.WriteProductReviewTest@a514af7]" name="addProductReview" duration-ms="4567" started-at="2020-12-19T17:33:23Z" finished-at="2020-12-19T17:33:27Z">
          <reporter-output>
          </reporter-output>
        </test-method> <!-- addProductReview -->
      </class> <!-- testcases.WriteProductReviewTest -->
      <class name="testcases.UpdateAddressTest">
        <test-method status="PASS" signature="updateAddress()[pri:0, instance:testcases.UpdateAddressTest@4466af20]" name="updateAddress" duration-ms="4600" started-at="2020-12-19T17:33:18Z" finished-at="2020-12-19T17:33:23Z">
          <reporter-output>
          </reporter-output>
        </test-method> <!-- updateAddress -->
      </class> <!-- testcases.UpdateAddressTest -->
      <class name="testcases.LoginTest">
        <test-method status="PASS" signature="init()[pri:0, instance:testcases.LoginTest@1fa268de]" name="init" is-config="true" duration-ms="8029" started-at="2020-12-19T17:32:51Z" finished-at="2020-12-19T17:33:00Z">
          <reporter-output>
          </reporter-output>
        </test-method> <!-- init -->
        <test-method status="FAIL" signature="login(java.lang.String, java.lang.String)[pri:0, instance:testcases.LoginTest@1fa268de]" name="login" duration-ms="2605" started-at="2020-12-19T17:33:00Z" data-provider="Credentials" finished-at="2020-12-19T17:33:03Z">
          <params>
            <param index="0">
              <value>
                <![CDATA[Payal]]>
              </value>
            </param>
            <param index="1">
              <value>
                <![CDATA[Nopassword]]>
              </value>
            </param>
          </params>
          <exception class="java.lang.AssertionError">
            <message>
              <![CDATA[expected [My account - My Store] but found [Login - My Store]]]>
            </message>
            <full-stacktrace>
              <![CDATA[java.lang.AssertionError: expected [My account - My Store] but found [Login - My Store]
at org.testng.Assert.fail(Assert.java:96)
at org.testng.Assert.failNotEquals(Assert.java:776)
at org.testng.Assert.assertEqualsImpl(Assert.java:137)
at org.testng.Assert.assertEquals(Assert.java:118)
at org.testng.Assert.assertEquals(Assert.java:453)
at org.testng.Assert.assertEquals(Assert.java:463)
at testcases.LoginTest.login(LoginTest.java:33)
at sun.reflect.NativeMethodAccessorImpl.invoke0(Native Method)
at sun.reflect.NativeMethodAccessorImpl.invoke(NativeMethodAccessorImpl.java:62)
at sun.reflect.DelegatingMethodAccessorImpl.invoke(DelegatingMethodAccessorImpl.java:43)
at java.lang.reflect.Method.invoke(Method.java:498)
at org.testng.internal.MethodInvocationHelper.invokeMethod(MethodInvocationHelper.java:124)
at org.testng.internal.Invoker.invokeMethod(Invoker.java:583)
at org.testng.internal.Invoker.invokeTestMethod(Invoker.java:719)
at org.testng.internal.Invoker.invokeTestMethods(Invoker.java:989)
at org.testng.internal.TestMethodWorker.invokeTestMethods(TestMethodWorker.java:125)
at org.testng.internal.TestMethodWorker.run(TestMethodWorker.java:109)
at org.testng.TestRunner.privateRun(TestRunner.java:648)
at org.testng.TestRunner.run(TestRunner.java:505)
at org.testng.SuiteRunner.runTest(SuiteRunner.java:455)
at org.testng.SuiteRunner.runSequentially(SuiteRunner.java:450)
at org.testng.SuiteRunner.privateRun(SuiteRunner.java:415)
at org.testng.SuiteRunner.run(SuiteRunner.java:364)
at org.testng.SuiteRunnerWorker.runSuite(SuiteRunnerWorker.java:52)
at org.testng.SuiteRunnerWorker.run(SuiteRunnerWorker.java:84)
at org.testng.TestNG.runSuitesSequentially(TestNG.java:1208)
at org.testng.TestNG.runSuitesLocally(TestNG.java:1137)
at org.testng.TestNG.runSuites(TestNG.java:1049)
at org.testng.TestNG.run(TestNG.java:1017)
at org.testng.remote.AbstractRemoteTestNG.run(AbstractRemoteTestNG.java:115)
at org.testng.remote.RemoteTestNG.initAndRun(RemoteTestNG.java:251)
at org.testng.remote.RemoteTestNG.main(RemoteTestNG.java:77)
]]>
            </full-stacktrace>
          </exception> <!-- java.lang.AssertionError -->
          <reporter-output>
          </reporter-output>
        </test-method> <!-- login -->
        <test-method status="PASS" signature="login(java.lang.String, java.lang.String)[pri:0, instance:testcases.LoginTest@1fa268de]" name="login" duration-ms="3279" started-at="2020-12-19T17:33:04Z" data-provider="Credentials" finished-at="2020-12-19T17:33:07Z">
          <params>
            <param index="0">
              <value>
                <![CDATA[payal@gmail.com]]>
              </value>
            </param>
            <param index="1">
              <value>
                <![CDATA[password]]>
              </value>
            </param>
          </params>
          <reporter-output>
          </reporter-output>
        </test-method> <!-- login -->
        <test-method status="PASS" signature="tearDown()[pri:0, instance:testcases.LoginTest@1fa268de]" name="tearDown" is-config="true" duration-ms="810" started-at="2020-12-19T17:33:37Z" finished-at="2020-12-19T17:33:37Z">
          <reporter-output>
          </reporter-output>
        </test-method> <!-- tearDown -->
      </class> <!-- testcases.LoginTest -->
      <class name="testcases.BuyingProductTest">
        <test-method status="PASS" signature="buyProduct()[pri:0, instance:testcases.BuyingProductTest@4f6ee6e4]" name="buyProduct" duration-ms="10606" started-at="2020-12-19T17:33:07Z" finished-at="2020-12-19T17:33:18Z">
          <reporter-output>
          </reporter-output>
        </test-method> <!-- buyProduct -->
      </class> <!-- testcases.BuyingProductTest -->
    </test> <!-- Tests -->
  </suite> <!-- Suite -->
</testng-results>
